---------------------------------------------
Log F:\SteamLibrary\steamapps\common\DayZServer\ServerProfile\crash_2026-01-16_12-16-28.log started at 16.01. 12:23:01



------------------------------------
RILEYPC, 16.01 2026 12:23:01
[EffectSound::Effect] :: [WARNING] :: Created Effect on server.
Class:      'EffectSound'
Function: 'Effect'
Stack trace:
scripts/3_Game/effect.c:76 Function Effect
scripts/4_World/entities\itembase\tentbase\largetentbackpack.c:7 Function LargeTentBackPack
scripts/3_Game/systems\inventory\inventory.c:882 Function CreateInInventory
scripts/3_Game/systems\inventory\humaninventory.c:67 Function CreateInInventory
VPPAdminTools/4_World/vppadmintools\plugins\pluginbase\itemmanager\itemmanager.c:177 Function CreateEntity
VPPAdminTools/4_World/vppadmintools\plugins\pluginbase\itemmanager\itemmanager.c:372 Function SpawnItem
VPPAdminTools/3_Game/communityframework\rpc\rpcmanager.c:86 Function VOnRPC
VPPAdminTools/3_Game/communityframework\rpc\dayzgame.c:7 Function OnRPC

Runtime mode
CLI params: config serverDZ.cfg port 2302 profiles ServerProfile dologs  adminlog  netlog  freezecheck  scrAllowFileWrite  filePatching  mod @CF;@COT;@BuilderItems;@BBP;@VPP-Admin-Tools 


------------------------------------
RILEYPC, 16.01 2026 12:41:14
NULL pointer to instance
Class:      'EffectSound'
Function: 'SetEnableEventFrame'
Stack trace:
scripts/3_Game/effect.c:290 Function SetEnableEventFrame
scripts/3_Game/effect.c:97 Function ~Effect
scripts/3_Game/effectmanager.c:278 Function DestroyEffect
scripts/4_World/entities\itembase\tentbase\largetentbackpack.c:12 Function ~LargeTentBackPack

Runtime mode
CLI params: config serverDZ.cfg port 2302 profiles ServerProfile dologs  adminlog  netlog  freezecheck  scrAllowFileWrite  filePatching  mod @CF;@COT;@BuilderItems;@BBP;@VPP-Admin-Tools 
