---------------------------------------------
Log F:\SteamLibrary\steamapps\common\DayZServer\ServerProfile\script_2026-01-16_15-06-14.log started at 16.01. 15:06:15

SCRIPT       : Loaded Core (Client PBO) Version 2.4.2:stable
SCRIPT       : Loaded Hover Loot (Client PBO) Version 1.0.2:stable
SCRIPT       : Registered 382 temporary action enum(s), UAN==382
SCRIPT    (W): @"LBmaster_Core/scripts/3_Game/lbmaster_core\struct\lbconfigtype.c,3": FIX-ME: Expected ',' or '}', not a ';'
SCRIPT    (W): @"LBmaster_Core/scripts/3_Game/lbmaster_core\config\loader\lbconfigmanager.c,68": FIX-ME: Syntax error
SCRIPT    (W): @"BaseBuildingPlus/scripts/3_Game/bbpconfig.c,143": FIX-ME: Unexpected statement 'ref'
SCRIPT    (W): @"LBmaster_Core/scripts/3_Game/lbmaster_core\gui\helper\lbwidgetutils.c,39": FIX-ME: Unsafe down-casting, use 'EntityAI.Cast' for safe down-casting
SCRIPT       : Started LBLogger at: $profile:LBmaster_16_1_2026_15_06_15.log
SCRIPT       : ... Backlit Effects Enabled
SCRIPT       : VPPNotificationManager()
SCRIPT       : [VPPAT] Internal VPPNotifications module loaded!
SCRIPT       : [DayZ Game]:: DayZGame(): Initializing V++ Admin Tools.
SCRIPT    (W): @"ParagonGear\scripts\4_world/entities\medical_actions\ifak\actiongivesalineself.c,44": condition with no body?
SCRIPT    (W): @"ParagonGear\scripts\4_world/entities\medical_actions\ifak\actionpgifakself.c,42": condition with no body?
SCRIPT    (W): @"ParagonGear\scripts\4_world/entities\medical_actions\ifak\actionpgifaktarget.c,46": condition with no body?
SCRIPT    (W): @"ParagonStorage/scripts/4_World/deployablestorage\deploy_base\militarylocker_colorbase.c,143": FIX-ME: Overloaded method 'CanReleaseCargo', argument name 'attachment' differs from prototype 'cargo'
SCRIPT    (W): @"ParagonStorage/scripts/4_World/deployablestorage\deploy_base\guncase_colorbase.c,143": FIX-ME: Overloaded method 'CanReleaseCargo', argument name 'attachment' differs from prototype 'cargo'
SCRIPT    (W): @"ParagonStorage/scripts/4_World/deployablestorage\deploy_base\icebox_colorbase.c,167": FIX-ME: Overloaded method 'CanReleaseCargo', argument name 'attachment' differs from prototype 'cargo'
SCRIPT    (W): @"ParagonStorage/scripts/4_World/deployablestorage\deploy_base\bigsafe_colorbase.c,143": FIX-ME: Overloaded method 'CanReleaseCargo', argument name 'attachment' differs from prototype 'cargo'
SCRIPT    (W): @"ParagonStorage/scripts/4_World/deployablestorage\deploy_base\armoreddoor_colorbase.c,143": FIX-ME: Overloaded method 'CanReleaseCargo', argument name 'attachment' differs from prototype 'cargo'
SCRIPT    (W): @"ParagonStorage/scripts/4_World/deployablestorage\deploy_base\armoreddoor_colorbase.c,148": FIX-ME: Overriding function 'CanDisplayAttachmentSlot' but not marked as 'override'
SCRIPT    (W): @"ParagonStorage/scripts/4_World/deployablestorage\deploy_base\locker_colorbase.c,143": FIX-ME: Overloaded method 'CanReleaseCargo', argument name 'attachment' differs from prototype 'cargo'
SCRIPT    (W): @"ParagonStorage/scripts/4_World/deployablestorage\deploy_base\smallcrate_colorbase.c,143": FIX-ME: Overloaded method 'CanReleaseCargo', argument name 'attachment' differs from prototype 'cargo'
SCRIPT    (W): @"ParagonStorage/scripts/4_World/deployablestorage\deploy_base\tinycrate_colorbase.c,143": FIX-ME: Overloaded method 'CanReleaseCargo', argument name 'attachment' differs from prototype 'cargo'
SCRIPT    (W): @"ParagonStorage/scripts/4_World/deployablestorage\deploy_base\paragon_largegreenhouse.c,133": FIX-ME: Overloaded method 'CanReleaseCargo', argument name 'attachment' differs from prototype 'cargo'
SCRIPT    (W): @"ParagonStorage/scripts/4_World/deployablestorage\deploy_base\smallsafe_colorbase.c,143": FIX-ME: Overloaded method 'CanReleaseCargo', argument name 'attachment' differs from prototype 'cargo'
SCRIPT    (W): @"ParagonStorage/scripts/4_World/deployablestorage\deploy_base\smallsafe_colorbase.c,148": FIX-ME: Overriding function 'CanDisplayAttachmentSlot' but not marked as 'override'
SCRIPT    (W): @"ParagonStorage/scripts/4_World/deployablestorage\deploy_base\bigtent_colorbase.c,139": FIX-ME: Overloaded method 'CanReleaseCargo', argument name 'attachment' differs from prototype 'cargo'
SCRIPT    (W): @"ParagonStorage/scripts/4_World/deployablestorage\deploy_base\bigtent_colorbase.c,144": FIX-ME: Overriding function 'CanDisplayAttachmentSlot' but not marked as 'override'
SCRIPT    (W): @"ParagonStorage/scripts/4_World/deployablestorage\deploy_base\container_colorbase.c,142": FIX-ME: Overloaded method 'CanReleaseCargo', argument name 'attachment' differs from prototype 'cargo'
SCRIPT    (W): @"ParagonStorage/scripts/4_World/deployablestorage\deploy_base\container_colorbase.c,147": FIX-ME: Overriding function 'CanDisplayAttachmentSlot' but not marked as 'override'
SCRIPT    (W): @"ParagonStorage/scripts/4_World/deployablestorage\deploy_base\reinforceddoor_colorbase.c,143": FIX-ME: Overloaded method 'CanReleaseCargo', argument name 'attachment' differs from prototype 'cargo'
SCRIPT    (W): @"ParagonStorage/scripts/4_World/deployablestorage\deploy_base\reinforceddoor_colorbase.c,148": FIX-ME: Overriding function 'CanDisplayAttachmentSlot' but not marked as 'override'
SCRIPT    (W): @"ParagonStorage/scripts/4_World/deployablestorage\deploy_base\iceceramfreezer_colorbase.c,167": FIX-ME: Overloaded method 'CanReleaseCargo', argument name 'attachment' differs from prototype 'cargo'
SCRIPT    (W): @"ParagonStorage/scripts/4_World/deployablestorage\deploy_base\safe_colorbase.c,143": FIX-ME: Overloaded method 'CanReleaseCargo', argument name 'attachment' differs from prototype 'cargo'
SCRIPT    (W): @"ParagonStorage/scripts/4_World/deployablestorage\deploy_base\weaponslocker_colorbase.c,143": FIX-ME: Overloaded method 'CanReleaseCargo', argument name 'attachment' differs from prototype 'cargo'
SCRIPT    (W): @"ParagonStorage/scripts/4_World/deployablestorage\deploy_base\gearstand_case_colorbase.c,143": FIX-ME: Overloaded method 'CanReleaseCargo', argument name 'attachment' differs from prototype 'cargo'
SCRIPT    (W): @"ParagonStorage/scripts/4_World/deployablestorage\deploy_base\militarycrate_colorbase.c,143": FIX-ME: Overloaded method 'CanReleaseCargo', argument name 'attachment' differs from prototype 'cargo'
SCRIPT    (W): @"ParagonStorage/scripts/4_World/deployablestorage\deploy_base\militarycrate_colorbase.c,148": FIX-ME: Overriding function 'CanDisplayAttachmentSlot' but not marked as 'override'
SCRIPT    (W): @"ParagonStorage/scripts/4_World/deployablestorage\deploy_base\compound_gate_colorbase.c,143": FIX-ME: Overloaded method 'CanReleaseCargo', argument name 'attachment' differs from prototype 'cargo'
SCRIPT    (W): @"ParagonStorage/scripts/4_World/deployablestorage\deploy_base\compound_gate_colorbase.c,148": FIX-ME: Overriding function 'CanDisplayAttachmentSlot' but not marked as 'override'
SCRIPT    (W): @"UnlimitedStamina/4_World/classes\staminahandler.c,3": FIX-ME: Overriding function 'Update' but not marked as 'override'
SCRIPT    (W): @"ParagonStorage/scripts/4_World/deployablestorage\deploy_base\mediumcrate_colorbase.c,143": FIX-ME: Overloaded method 'CanReleaseCargo', argument name 'attachment' differs from prototype 'cargo'
SCRIPT    (W): @"ParagonStorage/scripts/4_World/deployablestorage\deploy_base\dumpster_colorbase.c,142": FIX-ME: Overloaded method 'CanReleaseCargo', argument name 'attachment' differs from prototype 'cargo'
SCRIPT    (W): @"ParagonGear\scripts\4_world/entities\medical_actions\ifak\actionpgifaktarget.c,31": FIX-ME: Overriding function 'GetText' but not marked as 'override'
SCRIPT    (W): @"ParagonStorage/scripts/4_World/deployablestorage\deploy_base\bunkerdoor_colorbase.c,143": FIX-ME: Overloaded method 'CanReleaseCargo', argument name 'attachment' differs from prototype 'cargo'
SCRIPT    (W): @"ParagonStorage/scripts/4_World/deployablestorage\deploy_base\bunkerdoor_colorbase.c,148": FIX-ME: Overriding function 'CanDisplayAttachmentSlot' but not marked as 'override'
SCRIPT    (W): @"ParagonStorage/scripts/4_World/deployablestorage\deploy_base\graffitican_colorbase.c,142": FIX-ME: Overloaded method 'CanReleaseCargo', argument name 'attachment' differs from prototype 'cargo'
SCRIPT    (W): @"ParagonStorage/scripts/4_World/deployablestorage\deploy_base\fridge_colorbase.c,167": FIX-ME: Overloaded method 'CanReleaseCargo', argument name 'attachment' differs from prototype 'cargo'
SCRIPT    (W): @"ParagonStorage/scripts/4_World/deployablestorage\deploy_base\doubleguncase_colorbase.c,143": FIX-ME: Overloaded method 'CanReleaseCargo', argument name 'attachment' differs from prototype 'cargo'
SCRIPT    (W): @"ParagonGear\scripts\4_world/entities\medical_actions\ifak\actiongivesalineself.c,32": FIX-ME: Overriding function 'GetText' but not marked as 'override'
SCRIPT    (W): @"ParagonStorage/scripts/4_World/deployablestorage\deploy_base\paragon_greenhouse.c,133": FIX-ME: Overloaded method 'CanReleaseCargo', argument name 'attachment' differs from prototype 'cargo'
SCRIPT    (W): @"ParagonGear\scripts\4_world/entities\medical_actions\ifak\actionpgifakself.c,31": FIX-ME: Overriding function 'GetText' but not marked as 'override'
SCRIPT       : [EnhancedFOV] ModuleCustomFOV loaded!
SCRIPT       : 15:06:22.595 [WARNING]	Colorful-UI/Scripts/Credits.json: File "Colorful-UI/Scripts/Credits.json" does not exist, check the provided path
SCRIPT    (W): @"mz_koth/Scripts/5_Mission/mz_koth_config.c,32": FIX-ME: Unexpected statement 'ref'
SCRIPT    (W): @"mz_koth/Scripts/5_Mission/mz_koth_config.c,33": FIX-ME: Unexpected statement 'ref'
SCRIPT    (W): @"mz_koth/Scripts/5_Mission/mz_koth_config.c,34": FIX-ME: Unexpected statement 'ref'
SCRIPT    (W): @"mz_koth/Scripts/5_Mission/mz_koth_config.c,35": FIX-ME: Unexpected statement 'ref'
SCRIPT    (W): @"mz_koth/Scripts/5_Mission/mz_koth_config.c,181": FIX-ME: Unexpected statement 'ref'
SCRIPT    (W): @"mz_koth/Scripts/5_Mission/mz_koth_config.c,487": FIX-ME: Unexpected statement 'ref'
SCRIPT    (W): @"mz_koth/Scripts/5_Mission/mz_koth.c,10": FIX-ME: Unexpected statement 'ref'
SCRIPT    (W): @"UnlimitedStamina/5_Mission/missiongameplay.c,5": Missing ';' at the end of line
SCRIPT    (W): @"VPPAdminTools/5_Mission/vppadmintools\missionserver.c,283": FIX-ME: Overriding function 'GetServerName' but not marked as 'override'
SCRIPT    (W): @"mz_koth/Scripts/5_Mission/mz_koth_config.c,434": Possible variable name conflict 'SpawnRarity'
SCRIPT    (W): @"Colorful-UI/scripts/5_Mission/colorful-ui\gui\cui.respawndialogue.c,74": FIX-ME: Overriding function 'Update' but not marked as 'override'
SCRIPT    (W): @"mz_koth/Scripts/5_Mission/mz_kothevent.c,663": No need to use 'Cast' for up-casting
SCRIPT       : [MerkZone KOTH] Loaded!
SCRIPT       : [SERVER :: Vanilla++ AdminTools Plugins Registering]
SCRIPT       : [MPG_Spawner] Logger Init
SCRIPT       : [MPG_Spawner] Logger Create Log File
SCRIPT       : [::FormatErrorEx] :: [INFO] :: Got hostname 'choxprac' from 'serverdz.cfg'
SCRIPT       : [BBP] 'BBP_Settings' found, loading...
SCRIPT       : string dirtyName = 'choxprac'
SCRIPT       : [MPG_Spawner] Init
SCRIPT       : [MPG_Spawner] config found, loading...
SCRIPT       : [MPG_Spawner] Start configs validation
SCRIPT       : [MPG_Spawner] Configs validation finished
SCRIPT       : [MerkZone KOTH] Initialized!
SCRIPT       : [MerkZone KOTH] Waiting for 600 seconds before running cleanup script and attempting to start first KOTH.
SCRIPT       : [TabletHacking] OnInit
SCRIPT       : [TabletHacking] Init
SCRIPT       : [MissionServer] OnInit - Server
SCRIPT       : [MissionServer] OnMissionStart - Server
SCRIPT       : string dirtyName = 'choxprac'
SCRIPT       : m_LoginTimeMs: 16200
SCRIPT       : [MerkZone KOTH] KOTH cleanup script called!
SCRIPT       : [MerkZone KOTH] Performing server startup cleanup!
SCRIPT       : [MerkZone KOTH] KOTH cleanup script has located a previous KOTH flag! Deleting 'mz_KOTHflag' at position (<2562.699951, 193.262253, 5117.337891>).
SCRIPT       : [MerkZone KOTH] KOTH cleanup script successful!
SCRIPT       : ---- PlayerBase OnStoreLoad SUCCESS ----
SCRIPT       : [VPPAT] Player "Survivor" (steamId=76561198271678203) connected to server!
SCRIPT       : [PlayerListManager] AddReceiver ► added: PlayerIdentity<22030f40>
SCRIPT       : [MerkZone KOTH] Attempting to start new KOTH ID '2'.
SCRIPT       : [MerkZone KOTH] Setting up default parameters for new KOTH ID '2'.
SCRIPT       : [MerkZone KOTH] KOTH pre-start cleanup script called!
SCRIPT       : [MerkZone KOTH] Spawning KOTH flag.
SCRIPT       : [MerkZone KOTH] Successfully initialized new KOTH id 2! Monitoring script now running.
SCRIPT       : [MerkZone KOTH] Spawning 1 objects for KOTH ID '2'
SCRIPT       : [MerkZone KOTH] Spawning object 'StaticObj_Wreck_Mi8_Crashed' at position (<144.063995, 321.147003, 8068.359863>), rotation (<-69.119629, 0.000000, -0.000000>) and scale (1).
SCRIPT       : [MerkZone KOTH] Spawned 1 objects.
SCRIPT       : [MerkZone KOTH] Spawning in 15 KOTH Enemies
SCRIPT       : [MerkZone KOTH] Spawned 15 in 15 attempts.
SCRIPT       : [MerkZone KOTH] Successfully spawned and built KOTH flag.
SCRIPT       : [Logout]: New player fAvgr4dm7wudWWrzTfoyPGggNShoian784sFafDTmic= with logout time 15
SCRIPT       : Player "Survivor" (steamid=76561198271678203) initiated disconnect process...
SCRIPT       : Player "Survivor" (steamid=76561198271678203) disconnected early from server (EXIT NOW).
SCRIPT       : [Logout]: Player fAvgr4dm7wudWWrzTfoyPGggNShoian784sFafDTmic= finished
SCRIPT       : [PlayerListManager] SyncEntryToReceivers ► uid: fAvgr4dm7wudWWrzTfoyPGggNShoian784sFafDTmic= isn't in the players list! sending a remove.
SCRIPT       : PlayerDisconnected -> PlayerListManager.RemoveEntry ► fAvgr4dm7wudWWrzTfoyPGggNShoian784sFafDTmic=
SCRIPT       : [MissionServer] OnMissionFinish - Server
SCRIPT       : ~DayZGame()
