---------------------------------------------
Log F:\SteamLibrary\steamapps\common\DayZServer\ServerProfile\script_2026-01-16_12-45-13.log started at 16.01. 12:45:13

SCRIPT       : Registered 379 temporary action enum(s), UAN==379
SCRIPT    (W): @"BaseBuildingPlus/scripts/3_Game/bbpconfig.c,143": FIX-ME: Unexpected statement 'ref'
SCRIPT       : ... Backlit Effects Enabled
SCRIPT       : VPPNotificationManager()
SCRIPT       : [VPPAT] Internal VPPNotifications module loaded!
SCRIPT       : [DayZ Game]:: DayZGame(): Initializing V++ Admin Tools.
SCRIPT    (W): @"ParagonGear\scripts\4_world/entities\medical_actions\ifak\actiongivesalineself.c,44": condition with no body?
SCRIPT    (W): @"ParagonGear\scripts\4_world/entities\medical_actions\ifak\actionpgifakself.c,42": condition with no body?
SCRIPT    (W): @"ParagonGear\scripts\4_world/entities\medical_actions\ifak\actionpgifaktarget.c,46": condition with no body?
SCRIPT    (W): @"ParagonStorage/scripts/4_World/deployablestorage\deploy_base\militarylocker_colorbase.c,143": FIX-ME: Overloaded method 'CanReleaseCargo', argument name 'attachment' differs from prototype 'cargo'
SCRIPT    (W): @"ParagonStorage/scripts/4_World/deployablestorage\deploy_base\guncase_colorbase.c,143": FIX-ME: Overloaded method 'CanReleaseCargo', argument name 'attachment' differs from prototype 'cargo'
SCRIPT    (W): @"ParagonStorage/scripts/4_World/deployablestorage\deploy_base\icebox_colorbase.c,167": FIX-ME: Overloaded method 'CanReleaseCargo', argument name 'attachment' differs from prototype 'cargo'
SCRIPT    (W): @"ParagonStorage/scripts/4_World/deployablestorage\deploy_base\bigsafe_colorbase.c,143": FIX-ME: Overloaded method 'CanReleaseCargo', argument name 'attachment' differs from prototype 'cargo'
SCRIPT    (W): @"ParagonStorage/scripts/4_World/deployablestorage\deploy_base\armoreddoor_colorbase.c,143": FIX-ME: Overloaded method 'CanReleaseCargo', argument name 'attachment' differs from prototype 'cargo'
SCRIPT    (W): @"ParagonStorage/scripts/4_World/deployablestorage\deploy_base\armoreddoor_colorbase.c,148": FIX-ME: Overriding function 'CanDisplayAttachmentSlot' but not marked as 'override'
SCRIPT    (W): @"ParagonStorage/scripts/4_World/deployablestorage\deploy_base\locker_colorbase.c,143": FIX-ME: Overloaded method 'CanReleaseCargo', argument name 'attachment' differs from prototype 'cargo'
SCRIPT    (W): @"ParagonStorage/scripts/4_World/deployablestorage\deploy_base\smallcrate_colorbase.c,143": FIX-ME: Overloaded method 'CanReleaseCargo', argument name 'attachment' differs from prototype 'cargo'
SCRIPT    (W): @"ParagonStorage/scripts/4_World/deployablestorage\deploy_base\tinycrate_colorbase.c,143": FIX-ME: Overloaded method 'CanReleaseCargo', argument name 'attachment' differs from prototype 'cargo'
SCRIPT    (W): @"ParagonStorage/scripts/4_World/deployablestorage\deploy_base\paragon_largegreenhouse.c,133": FIX-ME: Overloaded method 'CanReleaseCargo', argument name 'attachment' differs from prototype 'cargo'
SCRIPT    (W): @"ParagonStorage/scripts/4_World/deployablestorage\deploy_base\smallsafe_colorbase.c,143": FIX-ME: Overloaded method 'CanReleaseCargo', argument name 'attachment' differs from prototype 'cargo'
SCRIPT    (W): @"ParagonStorage/scripts/4_World/deployablestorage\deploy_base\smallsafe_colorbase.c,148": FIX-ME: Overriding function 'CanDisplayAttachmentSlot' but not marked as 'override'
SCRIPT    (W): @"ParagonStorage/scripts/4_World/deployablestorage\deploy_base\bigtent_colorbase.c,139": FIX-ME: Overloaded method 'CanReleaseCargo', argument name 'attachment' differs from prototype 'cargo'
SCRIPT    (W): @"ParagonStorage/scripts/4_World/deployablestorage\deploy_base\bigtent_colorbase.c,144": FIX-ME: Overriding function 'CanDisplayAttachmentSlot' but not marked as 'override'
SCRIPT    (W): @"ParagonStorage/scripts/4_World/deployablestorage\deploy_base\container_colorbase.c,142": FIX-ME: Overloaded method 'CanReleaseCargo', argument name 'attachment' differs from prototype 'cargo'
SCRIPT    (W): @"ParagonStorage/scripts/4_World/deployablestorage\deploy_base\container_colorbase.c,147": FIX-ME: Overriding function 'CanDisplayAttachmentSlot' but not marked as 'override'
SCRIPT    (W): @"ParagonStorage/scripts/4_World/deployablestorage\deploy_base\reinforceddoor_colorbase.c,143": FIX-ME: Overloaded method 'CanReleaseCargo', argument name 'attachment' differs from prototype 'cargo'
SCRIPT    (W): @"ParagonStorage/scripts/4_World/deployablestorage\deploy_base\reinforceddoor_colorbase.c,148": FIX-ME: Overriding function 'CanDisplayAttachmentSlot' but not marked as 'override'
SCRIPT    (W): @"ParagonStorage/scripts/4_World/deployablestorage\deploy_base\iceceramfreezer_colorbase.c,167": FIX-ME: Overloaded method 'CanReleaseCargo', argument name 'attachment' differs from prototype 'cargo'
SCRIPT    (W): @"ParagonStorage/scripts/4_World/deployablestorage\deploy_base\safe_colorbase.c,143": FIX-ME: Overloaded method 'CanReleaseCargo', argument name 'attachment' differs from prototype 'cargo'
SCRIPT    (W): @"ParagonStorage/scripts/4_World/deployablestorage\deploy_base\weaponslocker_colorbase.c,143": FIX-ME: Overloaded method 'CanReleaseCargo', argument name 'attachment' differs from prototype 'cargo'
SCRIPT    (W): @"ParagonStorage/scripts/4_World/deployablestorage\deploy_base\gearstand_case_colorbase.c,143": FIX-ME: Overloaded method 'CanReleaseCargo', argument name 'attachment' differs from prototype 'cargo'
SCRIPT    (W): @"ParagonStorage/scripts/4_World/deployablestorage\deploy_base\militarycrate_colorbase.c,143": FIX-ME: Overloaded method 'CanReleaseCargo', argument name 'attachment' differs from prototype 'cargo'
SCRIPT    (W): @"ParagonStorage/scripts/4_World/deployablestorage\deploy_base\militarycrate_colorbase.c,148": FIX-ME: Overriding function 'CanDisplayAttachmentSlot' but not marked as 'override'
SCRIPT    (W): @"ParagonStorage/scripts/4_World/deployablestorage\deploy_base\compound_gate_colorbase.c,143": FIX-ME: Overloaded method 'CanReleaseCargo', argument name 'attachment' differs from prototype 'cargo'
SCRIPT    (W): @"ParagonStorage/scripts/4_World/deployablestorage\deploy_base\compound_gate_colorbase.c,148": FIX-ME: Overriding function 'CanDisplayAttachmentSlot' but not marked as 'override'
SCRIPT    (W): @"ParagonStorage/scripts/4_World/deployablestorage\deploy_base\mediumcrate_colorbase.c,143": FIX-ME: Overloaded method 'CanReleaseCargo', argument name 'attachment' differs from prototype 'cargo'
SCRIPT    (W): @"ParagonStorage/scripts/4_World/deployablestorage\deploy_base\dumpster_colorbase.c,142": FIX-ME: Overloaded method 'CanReleaseCargo', argument name 'attachment' differs from prototype 'cargo'
SCRIPT    (W): @"ParagonGear\scripts\4_world/entities\medical_actions\ifak\actionpgifaktarget.c,31": FIX-ME: Overriding function 'GetText' but not marked as 'override'
SCRIPT    (W): @"ParagonStorage/scripts/4_World/deployablestorage\deploy_base\bunkerdoor_colorbase.c,143": FIX-ME: Overloaded method 'CanReleaseCargo', argument name 'attachment' differs from prototype 'cargo'
SCRIPT    (W): @"ParagonStorage/scripts/4_World/deployablestorage\deploy_base\bunkerdoor_colorbase.c,148": FIX-ME: Overriding function 'CanDisplayAttachmentSlot' but not marked as 'override'
SCRIPT    (W): @"ParagonStorage/scripts/4_World/deployablestorage\deploy_base\graffitican_colorbase.c,142": FIX-ME: Overloaded method 'CanReleaseCargo', argument name 'attachment' differs from prototype 'cargo'
SCRIPT    (W): @"ParagonStorage/scripts/4_World/deployablestorage\deploy_base\fridge_colorbase.c,167": FIX-ME: Overloaded method 'CanReleaseCargo', argument name 'attachment' differs from prototype 'cargo'
SCRIPT    (W): @"ParagonStorage/scripts/4_World/deployablestorage\deploy_base\doubleguncase_colorbase.c,143": FIX-ME: Overloaded method 'CanReleaseCargo', argument name 'attachment' differs from prototype 'cargo'
SCRIPT    (W): @"ParagonGear\scripts\4_world/entities\medical_actions\ifak\actiongivesalineself.c,32": FIX-ME: Overriding function 'GetText' but not marked as 'override'
SCRIPT    (W): @"ParagonStorage/scripts/4_World/deployablestorage\deploy_base\paragon_greenhouse.c,133": FIX-ME: Overloaded method 'CanReleaseCargo', argument name 'attachment' differs from prototype 'cargo'
SCRIPT    (W): @"ParagonGear\scripts\4_world/entities\medical_actions\ifak\actionpgifakself.c,31": FIX-ME: Overriding function 'GetText' but not marked as 'override'
SCRIPT       : [SERVER :: Vanilla++ AdminTools Plugins Registering]
SCRIPT       : [::FormatErrorEx] :: [INFO] :: Got hostname 'choxprac' from 'serverdz.cfg'
SCRIPT       : [BBP] 'BBP_Settings' found, loading...
SCRIPT       : [TabletHacking] OnInit
SCRIPT       : [TabletHacking] Init
SCRIPT       : [MissionServer] OnInit - Server
SCRIPT       : [MissionServer] OnMissionStart - Server
SCRIPT       : string dirtyName = 'choxprac'
SCRIPT    (E): [EffectSound::Effect] :: [WARNING] :: Created Effect on server.
Class:      'EffectSound'
Function: 'Effect'
Stack trace:
scripts/3_Game/effect.c:76 Function Effect
scripts/4_World/entities\itembase\tentbase\largetentbackpack.c:7 Function LargeTentBackPack
$CurrentDir:mpmissions\dayzOffline.chernarusplus\init.c:6 Function main
SCRIPT       : m_LoginTimeMs: 16200
SCRIPT       : Stomach checksum fail
SCRIPT       : ---- PlayerBase OnStoreLoad SUCCESS ----
SCRIPT       : [VPPAT] Player "Survivor" (steamId=76561198271678203) connected to server!
SCRIPT       : [PlayerListManager] AddReceiver ► added: PlayerIdentity<a1031490>
SCRIPT       : [Permissions Manager] Admin (Survivor) (76561198271678203) Successfully Logged in!
SCRIPT    (E): NULL pointer to instance
Class:      'EffectSound'
Function: 'SetEnableEventFrame'
Stack trace:
scripts/3_Game/effect.c:290 Function SetEnableEventFrame
scripts/3_Game/effect.c:97 Function ~Effect
scripts/3_Game/effectmanager.c:278 Function DestroyEffect
scripts/4_World/entities\itembase\tentbase\largetentbackpack.c:12 Function ~LargeTentBackPack
SCRIPT       : [Logout]: New player fAvgr4dm7wudWWrzTfoyPGggNShoian784sFafDTmic= with logout time 15
SCRIPT       : Player "Survivor" (steamid=76561198271678203) initiated disconnect process...
SCRIPT       : Player "Survivor" (steamid=76561198271678203) disconnected early from server (EXIT NOW).
SCRIPT       : [MissionServer] OnMissionFinish - Server
SCRIPT       : ~DayZGame()
