---------------------------------------------
Log F:\SteamLibrary\steamapps\common\DayZServer\ServerProfile\script_2026-01-16_14-52-22.log started at 16.01. 14:52:22

SCRIPT       : Loaded Core (Client PBO) Version 2.4.2:stable
SCRIPT       : Loaded Hover Loot (Client PBO) Version 1.0.2:stable
SCRIPT       : Registered 382 temporary action enum(s), UAN==382
SCRIPT    (W): @"LBmaster_Core/scripts/3_Game/lbmaster_core\struct\lbconfigtype.c,3": FIX-ME: Expected ',' or '}', not a ';'
SCRIPT    (W): @"LBmaster_Core/scripts/3_Game/lbmaster_core\config\loader\lbconfigmanager.c,68": FIX-ME: Syntax error
SCRIPT    (W): @"BaseBuildingPlus/scripts/3_Game/bbpconfig.c,143": FIX-ME: Unexpected statement 'ref'
SCRIPT    (W): @"LBmaster_Core/scripts/3_Game/lbmaster_core\gui\helper\lbwidgetutils.c,39": FIX-ME: Unsafe down-casting, use 'EntityAI.Cast' for safe down-casting
SCRIPT       : Started LBLogger at: $profile:LBmaster_16_1_2026_14_52_22.log
SCRIPT       : ... Backlit Effects Enabled
SCRIPT       : VPPNotificationManager()
SCRIPT       : [VPPAT] Internal VPPNotifications module loaded!
SCRIPT       : [DayZ Game]:: DayZGame(): Initializing V++ Admin Tools.
SCRIPT    (W): @"ParagonGear\scripts\4_world/entities\medical_actions\ifak\actiongivesalineself.c,44": condition with no body?
SCRIPT    (W): @"ParagonGear\scripts\4_world/entities\medical_actions\ifak\actionpgifakself.c,42": condition with no body?
SCRIPT    (W): @"ParagonGear\scripts\4_world/entities\medical_actions\ifak\actionpgifaktarget.c,46": condition with no body?
SCRIPT    (W): @"ParagonStorage/scripts/4_World/deployablestorage\deploy_base\militarylocker_colorbase.c,143": FIX-ME: Overloaded method 'CanReleaseCargo', argument name 'attachment' differs from prototype 'cargo'
SCRIPT    (W): @"ParagonStorage/scripts/4_World/deployablestorage\deploy_base\guncase_colorbase.c,143": FIX-ME: Overloaded method 'CanReleaseCargo', argument name 'attachment' differs from prototype 'cargo'
SCRIPT    (W): @"ParagonStorage/scripts/4_World/deployablestorage\deploy_base\icebox_colorbase.c,167": FIX-ME: Overloaded method 'CanReleaseCargo', argument name 'attachment' differs from prototype 'cargo'
SCRIPT    (W): @"ParagonStorage/scripts/4_World/deployablestorage\deploy_base\bigsafe_colorbase.c,143": FIX-ME: Overloaded method 'CanReleaseCargo', argument name 'attachment' differs from prototype 'cargo'
SCRIPT    (W): @"ParagonStorage/scripts/4_World/deployablestorage\deploy_base\armoreddoor_colorbase.c,143": FIX-ME: Overloaded method 'CanReleaseCargo', argument name 'attachment' differs from prototype 'cargo'
SCRIPT    (W): @"ParagonStorage/scripts/4_World/deployablestorage\deploy_base\armoreddoor_colorbase.c,148": FIX-ME: Overriding function 'CanDisplayAttachmentSlot' but not marked as 'override'
SCRIPT    (W): @"ParagonStorage/scripts/4_World/deployablestorage\deploy_base\locker_colorbase.c,143": FIX-ME: Overloaded method 'CanReleaseCargo', argument name 'attachment' differs from prototype 'cargo'
SCRIPT    (W): @"ParagonStorage/scripts/4_World/deployablestorage\deploy_base\smallcrate_colorbase.c,143": FIX-ME: Overloaded method 'CanReleaseCargo', argument name 'attachment' differs from prototype 'cargo'
SCRIPT    (W): @"ParagonStorage/scripts/4_World/deployablestorage\deploy_base\tinycrate_colorbase.c,143": FIX-ME: Overloaded method 'CanReleaseCargo', argument name 'attachment' differs from prototype 'cargo'
SCRIPT    (W): @"ParagonStorage/scripts/4_World/deployablestorage\deploy_base\paragon_largegreenhouse.c,133": FIX-ME: Overloaded method 'CanReleaseCargo', argument name 'attachment' differs from prototype 'cargo'
SCRIPT    (W): @"ParagonStorage/scripts/4_World/deployablestorage\deploy_base\smallsafe_colorbase.c,143": FIX-ME: Overloaded method 'CanReleaseCargo', argument name 'attachment' differs from prototype 'cargo'
SCRIPT    (W): @"ParagonStorage/scripts/4_World/deployablestorage\deploy_base\smallsafe_colorbase.c,148": FIX-ME: Overriding function 'CanDisplayAttachmentSlot' but not marked as 'override'
SCRIPT    (W): @"ParagonStorage/scripts/4_World/deployablestorage\deploy_base\bigtent_colorbase.c,139": FIX-ME: Overloaded method 'CanReleaseCargo', argument name 'attachment' differs from prototype 'cargo'
SCRIPT    (W): @"ParagonStorage/scripts/4_World/deployablestorage\deploy_base\bigtent_colorbase.c,144": FIX-ME: Overriding function 'CanDisplayAttachmentSlot' but not marked as 'override'
SCRIPT    (W): @"ParagonStorage/scripts/4_World/deployablestorage\deploy_base\container_colorbase.c,142": FIX-ME: Overloaded method 'CanReleaseCargo', argument name 'attachment' differs from prototype 'cargo'
SCRIPT    (W): @"ParagonStorage/scripts/4_World/deployablestorage\deploy_base\container_colorbase.c,147": FIX-ME: Overriding function 'CanDisplayAttachmentSlot' but not marked as 'override'
SCRIPT    (W): @"ParagonStorage/scripts/4_World/deployablestorage\deploy_base\reinforceddoor_colorbase.c,143": FIX-ME: Overloaded method 'CanReleaseCargo', argument name 'attachment' differs from prototype 'cargo'
SCRIPT    (W): @"ParagonStorage/scripts/4_World/deployablestorage\deploy_base\reinforceddoor_colorbase.c,148": FIX-ME: Overriding function 'CanDisplayAttachmentSlot' but not marked as 'override'
SCRIPT    (W): @"ParagonStorage/scripts/4_World/deployablestorage\deploy_base\iceceramfreezer_colorbase.c,167": FIX-ME: Overloaded method 'CanReleaseCargo', argument name 'attachment' differs from prototype 'cargo'
SCRIPT    (W): @"ParagonStorage/scripts/4_World/deployablestorage\deploy_base\safe_colorbase.c,143": FIX-ME: Overloaded method 'CanReleaseCargo', argument name 'attachment' differs from prototype 'cargo'
SCRIPT    (W): @"ParagonStorage/scripts/4_World/deployablestorage\deploy_base\weaponslocker_colorbase.c,143": FIX-ME: Overloaded method 'CanReleaseCargo', argument name 'attachment' differs from prototype 'cargo'
SCRIPT    (W): @"ParagonStorage/scripts/4_World/deployablestorage\deploy_base\gearstand_case_colorbase.c,143": FIX-ME: Overloaded method 'CanReleaseCargo', argument name 'attachment' differs from prototype 'cargo'
SCRIPT    (W): @"ParagonStorage/scripts/4_World/deployablestorage\deploy_base\militarycrate_colorbase.c,143": FIX-ME: Overloaded method 'CanReleaseCargo', argument name 'attachment' differs from prototype 'cargo'
SCRIPT    (W): @"ParagonStorage/scripts/4_World/deployablestorage\deploy_base\militarycrate_colorbase.c,148": FIX-ME: Overriding function 'CanDisplayAttachmentSlot' but not marked as 'override'
SCRIPT    (W): @"ParagonStorage/scripts/4_World/deployablestorage\deploy_base\compound_gate_colorbase.c,143": FIX-ME: Overloaded method 'CanReleaseCargo', argument name 'attachment' differs from prototype 'cargo'
SCRIPT    (W): @"ParagonStorage/scripts/4_World/deployablestorage\deploy_base\compound_gate_colorbase.c,148": FIX-ME: Overriding function 'CanDisplayAttachmentSlot' but not marked as 'override'
SCRIPT    (W): @"UnlimitedStamina/4_World/classes\staminahandler.c,3": FIX-ME: Overriding function 'Update' but not marked as 'override'
SCRIPT    (W): @"ParagonStorage/scripts/4_World/deployablestorage\deploy_base\mediumcrate_colorbase.c,143": FIX-ME: Overloaded method 'CanReleaseCargo', argument name 'attachment' differs from prototype 'cargo'
SCRIPT    (W): @"ParagonStorage/scripts/4_World/deployablestorage\deploy_base\dumpster_colorbase.c,142": FIX-ME: Overloaded method 'CanReleaseCargo', argument name 'attachment' differs from prototype 'cargo'
SCRIPT    (W): @"ParagonGear\scripts\4_world/entities\medical_actions\ifak\actionpgifaktarget.c,31": FIX-ME: Overriding function 'GetText' but not marked as 'override'
SCRIPT    (W): @"ParagonStorage/scripts/4_World/deployablestorage\deploy_base\bunkerdoor_colorbase.c,143": FIX-ME: Overloaded method 'CanReleaseCargo', argument name 'attachment' differs from prototype 'cargo'
SCRIPT    (W): @"ParagonStorage/scripts/4_World/deployablestorage\deploy_base\bunkerdoor_colorbase.c,148": FIX-ME: Overriding function 'CanDisplayAttachmentSlot' but not marked as 'override'
SCRIPT    (W): @"ParagonStorage/scripts/4_World/deployablestorage\deploy_base\graffitican_colorbase.c,142": FIX-ME: Overloaded method 'CanReleaseCargo', argument name 'attachment' differs from prototype 'cargo'
SCRIPT    (W): @"ParagonStorage/scripts/4_World/deployablestorage\deploy_base\fridge_colorbase.c,167": FIX-ME: Overloaded method 'CanReleaseCargo', argument name 'attachment' differs from prototype 'cargo'
SCRIPT    (W): @"ParagonStorage/scripts/4_World/deployablestorage\deploy_base\doubleguncase_colorbase.c,143": FIX-ME: Overloaded method 'CanReleaseCargo', argument name 'attachment' differs from prototype 'cargo'
SCRIPT    (W): @"ParagonGear\scripts\4_world/entities\medical_actions\ifak\actiongivesalineself.c,32": FIX-ME: Overriding function 'GetText' but not marked as 'override'
SCRIPT    (W): @"ParagonStorage/scripts/4_World/deployablestorage\deploy_base\paragon_greenhouse.c,133": FIX-ME: Overloaded method 'CanReleaseCargo', argument name 'attachment' differs from prototype 'cargo'
SCRIPT    (W): @"ParagonGear\scripts\4_world/entities\medical_actions\ifak\actionpgifakself.c,31": FIX-ME: Overriding function 'GetText' but not marked as 'override'
SCRIPT    (W): @"mz_koth/Scripts/5_Mission/mz_koth_config.c,32": FIX-ME: Unexpected statement 'ref'
SCRIPT    (W): @"mz_koth/Scripts/5_Mission/mz_koth_config.c,33": FIX-ME: Unexpected statement 'ref'
SCRIPT    (W): @"mz_koth/Scripts/5_Mission/mz_koth_config.c,34": FIX-ME: Unexpected statement 'ref'
SCRIPT    (W): @"mz_koth/Scripts/5_Mission/mz_koth_config.c,35": FIX-ME: Unexpected statement 'ref'
SCRIPT    (W): @"mz_koth/Scripts/5_Mission/mz_koth_config.c,181": FIX-ME: Unexpected statement 'ref'
SCRIPT    (W): @"mz_koth/Scripts/5_Mission/mz_koth_config.c,487": FIX-ME: Unexpected statement 'ref'
SCRIPT    (W): @"mz_koth/Scripts/5_Mission/mz_koth.c,10": FIX-ME: Unexpected statement 'ref'
SCRIPT    (W): @"UnlimitedStamina/5_Mission/missiongameplay.c,5": Missing ';' at the end of line
SCRIPT    (W): @"VPPAdminTools/5_Mission/vppadmintools\missionserver.c,283": FIX-ME: Overriding function 'GetServerName' but not marked as 'override'
SCRIPT    (W): @"mz_koth/Scripts/5_Mission/mz_koth_config.c,434": Possible variable name conflict 'SpawnRarity'
SCRIPT    (W): @"mz_koth/Scripts/5_Mission/mz_kothevent.c,663": No need to use 'Cast' for up-casting
SCRIPT       : [MerkZone KOTH] Loaded!
SCRIPT       : [SERVER :: Vanilla++ AdminTools Plugins Registering]
SCRIPT       : [MPG_Spawner] Logger Init
SCRIPT       : [MPG_Spawner]'$profile:MPG_Spawner\' does not exist, creating...
SCRIPT       : [MPG_Spawner]'$profile:MPG_Spawner\Logs\' does not exist, creating...
SCRIPT       : [MPG_Spawner]'$profile:MPG_Spawner\Logs\LogArchives\' does not exist, creating...
SCRIPT       : [MPG_Spawner] Logger Create Log File
SCRIPT       : [::FormatErrorEx] :: [INFO] :: Got hostname 'choxprac' from 'serverdz.cfg'
SCRIPT       : [BBP] 'BBP_Settings' found, loading...
SCRIPT       : string dirtyName = 'choxprac'
SCRIPT       : [MPG_Spawner] Init
SCRIPT       : [MPG_Spawner] config NOT found, creating...
SCRIPT       : [MPG_Spawner]'$profile:MPG_Spawner\Points\' does not exist, creating...
SCRIPT       : [MPG_Spawner] Start configs validation
SCRIPT       : [MPG_Spawner] config file 'Point_Example2'; Invalid triggerPosition: '12867,0.0,9259.791016'. Fixed: '12867 0.0 9259.791016'
SCRIPT       : [MPG_Spawner] config file 'Point_Example2'; Invalid spawnPositions[0]: '12866.606445, 0.0, 9253.121094'. Fixed: '12866.606445 0.0 9253.121094'
SCRIPT       : [MPG_Spawner] config file 'Point_Example2'; Invalid spawnPositions[2]: '12865.261719, 7, 9264.573242'. Fixed: '12865.261719 7 9264.573242'
SCRIPT       : [MPG_Spawner] config file 'Point_Example2'; Invalid spawnList[0]: 'Animal_UrsusArctos| 1 | -3 | -3 | 0.1-1'. Fixed: 'Animal_UrsusArctos|1|-3|-3|0.1-1'
SCRIPT       : [MPG_Spawner] config file 'Point_Example2'; Invalid spawnList[1]: 'Apple| 1 | -3 | -3 | 30-30 | 30-30'. Fixed: 'Apple|1|-3|-3|30-30|30-30'
SCRIPT       : [MPG_Spawner] config file 'Point_Example2'; Invalid spawnList[2]: 'WaterBottle | 1 | -2 | -2 | -2 | -2'. Fixed: 'WaterBottle|1|-2|-2|-2|-2'
SCRIPT       : [MPG_Spawner] config file 'Point_Example2'; Invalid spawnList[3]: 'Mag_AK101_30Rnd | 0.5 | 120 | 30-60 | 10-67'. Fixed: 'Mag_AK101_30Rnd|0.5|120|30-60|10-67'
SCRIPT       : [MPG_Spawner] config file 'Point_Example2'; Invalid spawnList[4]: 'AKM | 1 | -3 | -2 | -1'. Fixed: 'AKM|1|-3|-2|-1'
SCRIPT       : [MPG_Spawner] config file 'Point_Example2' is fixed, try not to break the normal work of the mod anymore :)
SCRIPT       : [MPG_Spawner] config file 'Point_Example2' is fixed, try not to break the normal work of the mod anymore :)
SCRIPT       : [MPG_Spawner] config file 'Point_Example2' is fixed, try not to break the normal work of the mod anymore :)
SCRIPT       : [MPG_Spawner] Configs validation finished
SCRIPT       : [MerkZone KOTH] Initialized!
SCRIPT       : [MerkZone KOTH] Waiting for 600 seconds before running cleanup script and attempting to start first KOTH.
SCRIPT       : [TabletHacking] OnInit
SCRIPT       : [TabletHacking] Init
SCRIPT       : [MissionServer] OnInit - Server
SCRIPT       : [MissionServer] OnMissionStart - Server
SCRIPT       : string dirtyName = 'choxprac'
SCRIPT       : m_LoginTimeMs: 16200
SCRIPT       : [MerkZone KOTH] KOTH cleanup script called!
SCRIPT       : [MerkZone KOTH] Performing server startup cleanup!
SCRIPT       : [MerkZone KOTH] KOTH cleanup script successful!
SCRIPT       : ---- PlayerBase OnStoreLoad SUCCESS ----
SCRIPT       : [VPPAT] Player "Survivor" (steamId=76561198271678203) connected to server!
SCRIPT       : [PlayerListManager] AddReceiver ► added: PlayerIdentity<a39d8ab0>
SCRIPT       : [Permissions Manager] Admin (Survivor) (76561198271678203) Successfully Logged in!
SCRIPT       : [MerkZone KOTH] Attempting to start new KOTH ID '0'.
SCRIPT       : [MerkZone KOTH] Setting up default parameters for new KOTH ID '0'.
SCRIPT       : [MerkZone KOTH] KOTH pre-start cleanup script called!
SCRIPT       : [MerkZone KOTH] Spawning KOTH flag.
SCRIPT       : [MerkZone KOTH] Successfully initialized new KOTH id 0! Monitoring script now running.
SCRIPT       : [MerkZone KOTH] Spawned 0 objects.
SCRIPT       : [MerkZone KOTH] Spawning in 15 KOTH Enemies
SCRIPT       : [MerkZone KOTH] Spawned 15 in 16 attempts.
SCRIPT       : [MerkZone KOTH] Successfully spawned and built KOTH flag.
SCRIPT       : [Logout]: New player fAvgr4dm7wudWWrzTfoyPGggNShoian784sFafDTmic= with logout time 15
SCRIPT       : Player "Survivor" (steamid=76561198271678203) initiated disconnect process...
SCRIPT       : [MissionServer] OnMissionFinish - Server
SCRIPT       : ~DayZGame()
