---------------------------------------------
Log F:\SteamLibrary\steamapps\common\DayZServer\ServerProfile\script_2026-01-16_12-16-28.log started at 16.01. 12:16:28

SCRIPT       : Registered 379 temporary action enum(s), UAN==379
SCRIPT    (W): @"BaseBuildingPlus/scripts/3_Game/bbpconfig.c,143": FIX-ME: Unexpected statement 'ref'
SCRIPT       : ... Backlit Effects Enabled
SCRIPT       : VPPNotificationManager()
SCRIPT       : [VPPAT] Internal VPPNotifications module loaded!
SCRIPT       : [DayZ Game]:: DayZGame(): Initializing V++ Admin Tools.
SCRIPT       : [SERVER :: Vanilla++ AdminTools Plugins Registering]
SCRIPT       : [::FormatErrorEx] :: [INFO] :: Got hostname 'choxprac' from 'serverdz.cfg'
SCRIPT       : [BBP] 'BBP_Settings' found, loading...
SCRIPT       : [MissionServer] OnInit - Server
SCRIPT       : [MissionServer] OnMissionStart - Server
SCRIPT       : string dirtyName = 'choxprac'
SCRIPT       : m_LoginTimeMs: 16200
SCRIPT       : ---- PlayerBase OnStoreLoad SUCCESS ----
SCRIPT       : [VPPAT] Player "Survivor" (steamId=76561198271678203) connected to server!
SCRIPT       : [PlayerListManager] AddReceiver ► added: PlayerIdentity<fd607680>
SCRIPT       : [Permissions Manager] Admin (Survivor) (76561198271678203) Successfully Logged in!
SCRIPT    (E): [EffectSound::Effect] :: [WARNING] :: Created Effect on server.
Class:      'EffectSound'
Function: 'Effect'
Stack trace:
scripts/3_Game/effect.c:76 Function Effect
scripts/4_World/entities\itembase\tentbase\largetentbackpack.c:7 Function LargeTentBackPack
scripts/3_Game/systems\inventory\inventory.c:882 Function CreateInInventory
scripts/3_Game/systems\inventory\humaninventory.c:67 Function CreateInInventory
VPPAdminTools/4_World/vppadmintools\plugins\pluginbase\itemmanager\itemmanager.c:177 Function CreateEntity
VPPAdminTools/4_World/vppadmintools\plugins\pluginbase\itemmanager\itemmanager.c:372 Function SpawnItem
VPPAdminTools/3_Game/communityframework\rpc\rpcmanager.c:86 Function VOnRPC
VPPAdminTools/3_Game/communityframework\rpc\dayzgame.c:7 Function OnRPC
SCRIPT       : [Logout]: New player fAvgr4dm7wudWWrzTfoyPGggNShoian784sFafDTmic= with logout time 15
SCRIPT       : Player "Survivor" (steamid=76561198271678203) initiated disconnect process...
SCRIPT       : Player "Survivor" (steamid=76561198271678203) disconnected early from server (EXIT NOW).
SCRIPT       : [Logout]: Player fAvgr4dm7wudWWrzTfoyPGggNShoian784sFafDTmic= finished
SCRIPT       : [PlayerListManager] SyncEntryToReceivers ► uid: fAvgr4dm7wudWWrzTfoyPGggNShoian784sFafDTmic= isn't in the players list! sending a remove.
SCRIPT       : PlayerDisconnected -> PlayerListManager.RemoveEntry ► fAvgr4dm7wudWWrzTfoyPGggNShoian784sFafDTmic=
SCRIPT       : [MissionServer] OnMissionFinish - Server
SCRIPT       : ~DayZGame()
SCRIPT    (E): NULL pointer to instance
Class:      'EffectSound'
Function: 'SetEnableEventFrame'
Stack trace:
scripts/3_Game/effect.c:290 Function SetEnableEventFrame
scripts/3_Game/effect.c:97 Function ~Effect
scripts/3_Game/effectmanager.c:278 Function DestroyEffect
scripts/4_World/entities\itembase\tentbase\largetentbackpack.c:12 Function ~LargeTentBackPack
