Log Created: 2026-01-21_18:26:42
18:26:42 | MPG_Spawner: STARTED;
18:26:42 | Points To Load: 5
18:26:42 | PointId: 1; Trigger: Created; title: Точка 1; pos: <4246.000000, 333.700012, 5586.700195>; type: sphere
18:26:42 | PointId: 1; Trigger: SetSize; radius: 50; height: 0; widthX: 0; widthY: 0
18:26:42 | PointId: 1; TryToProcessMappingDataObjects: 0; eventType: 0
18:26:42 | PointId: 1; mappingData: 0
18:26:42 | PointId: 2; Trigger: Created; title: Точка 2; pos: <7760.487793, 360.440002, 14849.181641>; type: sphere
18:26:42 | PointId: 2; Trigger: SetSize; radius: 5; height: 0; widthX: 0; widthY: 0
18:26:42 | PointId: 2; TryToProcessMappingDataObjects: 0; eventType: 0
18:26:42 | PointId: 2; mappingData: 0
18:26:42 | PointId: 3; Trigger: Created; title: Точка 3; pos: <2081.737549, 194.911041, 5404.941895>; type: sphere
18:26:42 | PointId: 3; Trigger: SetSize; radius: 20; height: 0; widthX: 0; widthY: 0
18:26:42 | PointId: 3; TryToProcessMappingDataObjects: 0; eventType: 0
18:26:42 | PointId: 3; mappingData: 0
18:26:42 | PointId: 4; Trigger: Created; title: Точка 4; pos: <5960.494629, 4.088753, 2055.235352>; type: cylinder
18:26:42 | PointId: 4; Trigger: SetSize; radius: 30; height: 15; widthX: 0; widthY: 0
18:26:42 | PointId: 4; TryToProcessMappingDataObjects: 0; eventType: 0
18:26:42 | PointId: 4; mappingData: 0
18:26:42 | PointId: 5; Trigger: Created; title: GUNS; pos: <5390.479980, 332.750000, 9861.129883>; type: box
18:26:42 | PointId: 5; Trigger: SetSize; radius: 0; height: 5; widthX: 20; widthY: 10
18:26:42 | PointId: 5; TryToProcessMappingDataObjects: 0; eventType: 0
18:26:42 | PointId: 5; mappingData: 0
18:30:19 | PointId: 5; TryToProcessMappingDataObjects: 0; eventType: 1
18:30:19 | PointId: 5; EnterTime: 238.075; steamId: 76561198271678203; name: Survivor; playerPos: 5392.57,9855.81; 
18:30:19 | PointId: 5; nextTriggerTime: 73
18:30:19 | PointId: 5; currentTime: 238.075
18:30:19 | PointId: 5; Will GoSpawn
18:30:19 | PointId: 5; spawnMin: 1; spawnMax: 3
18:30:19 | PointId: 5; randSpawnLimit: 1; GetSpawnedCount: 0
18:30:19 | PointId: 5; TryToProcessMappingDataObjects: 0; eventType: 2
18:30:19 | PointId: 5; countToCreate < spawnPositions
18:30:19 | PointId: 5; tryingCount: 1
18:30:19 | PointId: 5; queuedCount: 1
18:30:19 | PointId: 5; Spawned: BC_DELTA_Fade<61a44d00>; Pos: <5390.479980, 0.000000, 9861.129883>
18:30:19 | PointId: 5; SpawnQueue: Spawned; Item: BC_DELTA_Fade (1/1); Pos: <5390.479980, 0.000000, 9861.129883>
18:30:19 | PointId: 5; SpawnQueue: Completed; Spawned items: 1
18:30:28 | PointId: 5; ExitTime: 247.805; steamId: 76561198271678203; name: Survivor; playerPos: 5382.26,9866.64; 
18:30:33 | PointId: 5; TryToCleanupCreatures: none; creaturesToCleanup: 0
18:30:33 | PointId: 5; TryToCleanupLoot: yes; count: 1
18:30:33 | PointId: 5; CleanSpawnedLootCount: 1
